TN:
SF:src/api/catalog.routes.ts
FNF:0
FNH:0
DA:1,1
DA:2,1
DA:3,1
DA:4,1
DA:5,1
DA:6,1
DA:7,1
DA:8,1
DA:9,1
DA:10,1
DA:11,1
DA:12,1
DA:13,1
DA:14,1
DA:15,3
DA:16,3
DA:17,3
DA:18,3
DA:19,3
DA:20,3
DA:21,3
DA:22,3
DA:23,3
DA:24,3
DA:25,0
DA:26,0
DA:27,0
DA:28,0
DA:29,0
DA:30,0
DA:31,0
DA:32,3
DA:33,3
DA:34,1
DA:35,1
DA:36,1
LF:36
LH:29
BRDA:14,0,0,3
BRDA:15,1,0,3
BRDA:15,2,0,3
BRDA:25,3,0,0
BRF:4
BRH:3
end_of_record
TN:
SF:src/api/utils/requestValidators.ts
FN:4,validationError
FN:18,RequestValidator
FNF:2
FNH:2
FNDA:3,validationError
FNDA:3,RequestValidator
DA:1,1
DA:2,1
DA:3,1
DA:4,1
DA:5,3
DA:6,3
DA:7,3
DA:8,3
DA:9,3
DA:10,3
DA:11,3
DA:12,3
DA:13,3
DA:14,0
DA:15,0
DA:16,0
DA:17,1
DA:18,1
DA:19,3
DA:20,3
DA:21,3
DA:22,3
DA:23,3
DA:24,3
DA:25,3
DA:26,3
DA:27,3
DA:28,3
DA:29,3
DA:30,3
DA:31,3
DA:32,0
DA:33,0
DA:34,0
LF:34
LH:28
BRDA:4,0,0,3
BRDA:6,1,0,3
BRDA:14,2,0,0
BRDA:18,3,0,3
BRDA:21,4,0,3
BRDA:32,5,0,0
BRDA:27,6,0,4
BRF:7
BRH:5
end_of_record
TN:
SF:src/api/utils/fixtures/index.ts
FNF:0
FNH:0
DA:1,1
DA:2,1
DA:3,1
DA:4,1
DA:5,1
DA:6,1
DA:7,1
DA:8,1
DA:9,1
DA:10,1
LF:10
LH:10
BRF:0
BRH:0
end_of_record
TN:
SF:src/dto/product.dto.ts
FNF:0
FNH:0
DA:1,1
DA:2,1
DA:3,1
DA:4,1
DA:5,1
DA:6,1
DA:7,1
DA:8,1
DA:9,1
DA:10,1
DA:11,1
DA:12,1
DA:13,1
DA:14,1
DA:15,1
DA:16,1
DA:17,1
LF:17
LH:17
BRF:0
BRH:0
end_of_record
TN:
SF:src/repository/catalog.repository.ts
FN:5,create
FN:8,update
FN:11,delete
FN:14,find
FN:17,findOne
FNF:5
FNH:0
FNDA:0,create
FNDA:0,update
FNDA:0,delete
FNDA:0,find
FNDA:0,findOne
DA:1,1
DA:2,1
DA:3,1
DA:4,1
DA:5,1
DA:6,0
DA:7,0
DA:8,1
DA:9,0
DA:10,0
DA:11,1
DA:12,0
DA:13,0
DA:14,1
DA:15,0
DA:16,0
DA:17,1
DA:18,0
DA:19,0
DA:20,1
DA:21,1
LF:21
LH:11
BRF:0
BRH:0
end_of_record
TN:
SF:src/services/catalog.service.ts
FN:7,CatalogService
FN:11,createProduct
FN:19,updateProduct
FN:26,getProducts
FN:32,getProduct
FN:36,deleteProduct
FNF:6
FNH:1
FNDA:1,CatalogService
FNDA:0,createProduct
FNDA:0,updateProduct
FNDA:0,getProducts
FNDA:0,getProduct
FNDA:0,deleteProduct
DA:1,1
DA:2,1
DA:3,1
DA:4,1
DA:5,1
DA:6,1
DA:7,1
DA:8,1
DA:9,1
DA:10,1
DA:11,1
DA:12,0
DA:13,0
DA:14,0
DA:15,0
DA:16,0
DA:17,0
DA:18,1
DA:19,1
DA:20,0
DA:21,0
DA:22,0
DA:23,0
DA:24,1
DA:25,1
DA:26,1
DA:27,0
DA:28,0
DA:29,0
DA:30,0
DA:31,1
DA:32,1
DA:33,0
DA:34,0
DA:35,1
DA:36,1
DA:37,0
DA:38,0
DA:39,1
LF:39
LH:21
BRDA:7,0,0,1
BRF:1
BRH:1
end_of_record
