TN:
SF:src/repository/mockCatalog.repository.ts
FN:5,create
FN:12,update
FN:15,delete
FN:18,find
FN:21,findOne
FNF:5
FNH:0
FNDA:0,create
FNDA:0,update
FNDA:0,delete
FNDA:0,find
FNDA:0,findOne
DA:1,1
DA:2,1
DA:3,1
DA:4,1
DA:5,1
DA:6,0
DA:7,0
DA:8,0
DA:9,0
DA:10,0
DA:11,0
DA:12,1
DA:13,0
DA:14,0
DA:15,1
DA:16,0
DA:17,0
DA:18,1
DA:19,0
DA:20,0
DA:21,1
DA:22,0
DA:23,0
DA:24,1
LF:24
LH:10
BRF:0
BRH:0
end_of_record
TN:
SF:src/services/catalog.service.ts
FN:7,CatalogService
FN:11,createProduct
FN:19,updateProduct
FN:26,getProducts
FN:32,getProduct
FN:36,deleteProduct
FNF:6
FNH:2
FNDA:1,CatalogService
FNDA:0,createProduct
FNDA:0,updateProduct
FNDA:1,getProducts
FNDA:0,getProduct
FNDA:0,deleteProduct
DA:1,1
DA:2,1
DA:3,1
DA:4,1
DA:5,1
DA:6,1
DA:7,1
DA:8,1
DA:9,1
DA:10,1
DA:11,1
DA:12,0
DA:13,0
DA:14,0
DA:15,0
DA:16,0
DA:17,0
DA:18,1
DA:19,1
DA:20,0
DA:21,0
DA:22,0
DA:23,0
DA:24,1
DA:25,1
DA:26,1
DA:27,1
DA:28,1
DA:29,1
DA:30,1
DA:31,1
DA:32,1
DA:33,0
DA:34,0
DA:35,1
DA:36,1
DA:37,0
DA:38,0
DA:39,1
LF:39
LH:25
BRDA:7,0,0,1
BRDA:26,1,0,1
BRF:2
BRH:2
end_of_record
